[22:57:38] [ServerMain/INFO]: Environment: authHost='https://authserver.mojang.com', accountsHost='https://api.mojang.com', sessionHost='https://sessionserver.mojang.com', servicesHost='https://api.minecraftservices.com', name='PROD'
[22:57:38] [ServerMain/INFO]: Found new data pack file/bukkit, loading it automatically
[22:57:38] [ServerMain/INFO]: Loaded 7 recipes
[22:57:39] [Server thread/INFO]: Starting minecraft server version 1.20.1
[22:57:39] [Server thread/WARN]: ****************************
[22:57:39] [Server thread/WARN]: YOU ARE RUNNING THIS SERVER AS AN ADMINISTRATIVE OR ROOT USER. THIS IS NOT ADVISED.
[22:57:39] [Server thread/WARN]: YOU ARE OPENING YOURSELF UP TO POTENTIAL RISKS WHEN DOING THIS.
[22:57:39] [Server thread/WARN]: FOR MORE INFORMATION, SEE https://madelinemiller.dev/blog/root-minecraft-server/
[22:57:39] [Server thread/WARN]: ****************************
[22:57:39] [Server thread/INFO]: Loading properties
[22:57:39] [Server thread/INFO]: This server is running Paper version git-Paper-196 (MC: 1.20.1) (Implementing API version 1.20.1-R0.1-SNAPSHOT) (Git: 773dd72)
[22:57:39] [Server thread/INFO]: Server Ping Player Sample Count: 12
[22:57:39] [Server thread/INFO]: Using 4 threads for Netty based IO
[22:57:39] [Server thread/INFO]: [ChunkTaskScheduler] Chunk system is using 1 I/O threads, 1 worker threads, and gen parallelism of 1 threads
[22:57:39] [Server thread/WARN]: [!] The timings profiler has been enabled but has been scheduled for removal from Paper in the future.
    We recommend installing the spark profiler as a replacement: https://spark.lucko.me/
    For more information please visit: https://github.com/PaperMC/Paper/issues/8948
[22:57:39] [Server thread/INFO]: Default game type: SURVIVAL
[22:57:39] [Server thread/INFO]: Generating keypair
[22:57:40] [Server thread/INFO]: Starting Minecraft server on *:25565
[22:57:40] [Server thread/INFO]: Using epoll channel type
[22:57:40] [Server thread/INFO]: Paper: Using libdeflate (Linux x86_64) compression from Velocity.
[22:57:40] [Server thread/INFO]: Paper: Using OpenSSL 3.0.x (Linux x86_64) cipher from Velocity.
[22:57:40] [Server thread/INFO]: Preparing level "world"
[22:57:47] [Server thread/INFO]: Preparing start region for dimension minecraft:overworld
[22:57:47] [Server thread/INFO]: Time elapsed: 92 ms
[22:57:47] [Server thread/INFO]: Preparing start region for dimension minecraft:the_nether
[22:57:47] [Server thread/INFO]: Time elapsed: 36 ms
[22:57:47] [Server thread/INFO]: Preparing start region for dimension minecraft:the_end
[22:57:47] [Server thread/INFO]: Time elapsed: 26 ms
[22:57:47] [Server thread/INFO]: Running delayed init tasks
[22:57:47] [Server thread/INFO]: Done (8.534s)! For help, type "help"
[22:57:47] [Server thread/INFO]: Timings Reset
[22:58:58] [Server thread/INFO]: TPS from last 1m, 5m, 15m: 20.0, 20.0, 20.0
[22:59:01] [Server thread/INFO]: Stopping the server
[22:59:01] [Server thread/INFO]: Stopping server
[22:59:01] [Server thread/INFO]: Saving players
[22:59:01] [Server thread/INFO]: Saving worlds
[22:59:01] [Server thread/INFO]: Saving chunks for level 'ServerLevel[world]'/minecraft:overworld
[22:59:01] [Server thread/INFO]: [ChunkHolderManager] Waiting 60s for chunk system to halt for world 'world'
[22:59:01] [Server thread/INFO]: [ChunkHolderManager] Halted chunk system for world 'world'
[22:59:01] [Server thread/INFO]: [ChunkHolderManager] Saving all chunkholders for world 'world'
[22:59:02] [Server thread/INFO]: [ChunkHolderManager] Saved 2025 block chunks, 529 entity chunks, 11 poi chunks in world 'world' in 0.98s
[22:59:02] [Server thread/INFO]: ThreadedAnvilChunkStorage (world): All chunks are saved
[22:59:02] [Server thread/INFO]: Saving chunks for level 'ServerLevel[world_nether]'/minecraft:the_nether
[22:59:02] [Server thread/INFO]: [ChunkHolderManager] Waiting 60s for chunk system to halt for world 'world_nether'
[22:59:02] [Server thread/INFO]: [ChunkHolderManager] Halted chunk system for world 'world_nether'
[22:59:02] [Server thread/INFO]: [ChunkHolderManager] Saving all chunkholders for world 'world_nether'
[22:59:03] [Server thread/INFO]: [ChunkHolderManager] Saved 2025 block chunks, 529 entity chunks, 0 poi chunks in world 'world_nether' in 0.63s
[22:59:03] [Server thread/INFO]: ThreadedAnvilChunkStorage (DIM-1): All chunks are saved
[22:59:03] [Server thread/INFO]: Saving chunks for level 'ServerLevel[world_the_end]'/minecraft:the_end
[22:59:03] [Server thread/INFO]: [ChunkHolderManager] Waiting 60s for chunk system to halt for world 'world_the_end'
[22:59:03] [Server thread/INFO]: [ChunkHolderManager] Halted chunk system for world 'world_the_end'
[22:59:03] [Server thread/INFO]: [ChunkHolderManager] Saving all chunkholders for world 'world_the_end'
[22:59:03] [Server thread/INFO]: [ChunkHolderManager] Saved 2025 block chunks, 529 entity chunks, 0 poi chunks in world 'world_the_end' in 0.18s
[22:59:03] [Server thread/INFO]: ThreadedAnvilChunkStorage (DIM1): All chunks are saved
[22:59:03] [Server thread/INFO]: ThreadedAnvilChunkStorage: All dimensions are saved
[22:59:03] [Server thread/INFO]: Flushing Chunk IO
[22:59:03] [Server thread/INFO]: Closing Thread Pool
[22:59:03] [Server thread/INFO]: Closing Server
